<?xml version="1.0" encoding="UTF-8" standalone="yes"?>
<ns2:test-suite start="1563194204320" stop="1563194213653" version="1.5.2" xmlns:ns2="urn:model.allure.qatools.yandex.ru">
    <name>Регистрация в кабинете вебмастера</name>
    <description type="text"></description>
    <test-cases>
        <test-case start="1563194204320" stop="1563194213653" status="broken">
            <name>Проверка перехода по главным предложениям</name>
            <title>Проверка перехода по главным предложениям</title>
            <description type="text"></description>
            <failure>
                <message>NoSuchElementException: no such element: Unable to locate element: {"method":"xpath","selector":"//div[contains(text(), 'Кредитные карты')]"}
  (Session info: chrome=75.0.3770.100)
For documentation on this error, please visit: https://www.seleniumhq.org/exceptions/no_such_element.html
Build info: version: '4.0.0-alpha-1', revision: 'd1d3728cae', time: '2019-04-24T13:42:21'
System info: host: 'LAPTOP-AOR21S0A', ip: '10.10.15.42', os.name: 'Windows 10', os.arch: 'amd64', os.version: '10.0', java.version: '12.0.1'
Driver info: org.openqa.selenium.chrome.ChromeDriver
Capabilities {acceptInsecureCerts: false, browserName: chrome, browserVersion: 75.0.3770.100, chrome: {chromedriverVersion: 75.0.3770.90 (a6dcaf7e3ec6f..., userDataDir: C:\Users\Mark100F\AppData\L...}, goog:chromeOptions: {debuggerAddress: localhost:22208}, javascriptEnabled: true, networkConnectionEnabled: false, pageLoadStrategy: normal, platform: XP, platformName: XP, proxy: Proxy(), setWindowRect: true, strictFileInteractability: false, timeouts: {implicit: 0, pageLoad: 300000, script: 30000}, unhandledPromptBehavior: dismiss and notify}
Session ID: 836aa08d71d55d731a30dfa44c752509
*** Element info: {Using=xpath, value=//div[contains(text(), 'Кредитные карты')]}</message>
                <stack-trace>org.openqa.selenium.NoSuchElementException: no such element: Unable to locate element: {"method":"xpath","selector":"//div[contains(text(), 'Кредитные карты')]"}
  (Session info: chrome=75.0.3770.100)
For documentation on this error, please visit: https://www.seleniumhq.org/exceptions/no_such_element.html
Build info: version: '4.0.0-alpha-1', revision: 'd1d3728cae', time: '2019-04-24T13:42:21'
System info: host: 'LAPTOP-AOR21S0A', ip: '10.10.15.42', os.name: 'Windows 10', os.arch: 'amd64', os.version: '10.0', java.version: '12.0.1'
Driver info: org.openqa.selenium.chrome.ChromeDriver
Capabilities {acceptInsecureCerts: false, browserName: chrome, browserVersion: 75.0.3770.100, chrome: {chromedriverVersion: 75.0.3770.90 (a6dcaf7e3ec6f..., userDataDir: C:\Users\Mark100F\AppData\L...}, goog:chromeOptions: {debuggerAddress: localhost:22208}, javascriptEnabled: true, networkConnectionEnabled: false, pageLoadStrategy: normal, platform: XP, platformName: XP, proxy: Proxy(), setWindowRect: true, strictFileInteractability: false, timeouts: {implicit: 0, pageLoad: 300000, script: 30000}, unhandledPromptBehavior: dismiss and notify}
Session ID: 836aa08d71d55d731a30dfa44c752509
*** Element info: {Using=xpath, value=//div[contains(text(), 'Кредитные карты')]}
	at java.base/jdk.internal.reflect.NativeConstructorAccessorImpl.newInstance0(Native Method)
	at java.base/jdk.internal.reflect.NativeConstructorAccessorImpl.newInstance(NativeConstructorAccessorImpl.java:62)
	at java.base/jdk.internal.reflect.DelegatingConstructorAccessorImpl.newInstance(DelegatingConstructorAccessorImpl.java:45)
	at java.base/java.lang.reflect.Constructor.newInstanceWithCaller(Constructor.java:500)
	at java.base/java.lang.reflect.Constructor.newInstance(Constructor.java:481)
	at org.openqa.selenium.remote.codec.w3c.W3CHttpResponseCodec.createException(W3CHttpResponseCodec.java:190)
	at org.openqa.selenium.remote.codec.w3c.W3CHttpResponseCodec.decode(W3CHttpResponseCodec.java:124)
	at org.openqa.selenium.remote.codec.w3c.W3CHttpResponseCodec.decode(W3CHttpResponseCodec.java:51)
	at org.openqa.selenium.remote.HttpCommandExecutor.execute(HttpCommandExecutor.java:161)
	at org.openqa.selenium.remote.service.DriverCommandExecutor.execute(DriverCommandExecutor.java:83)
	at org.openqa.selenium.remote.RemoteWebDriver.execute(RemoteWebDriver.java:577)
	at org.openqa.selenium.remote.RemoteWebDriver.findElement(RemoteWebDriver.java:328)
	at org.openqa.selenium.remote.RemoteWebDriver.findElementByXPath(RemoteWebDriver.java:446)
	at org.openqa.selenium.By$ByXPath.findElement(By.java:353)
	at org.openqa.selenium.remote.RemoteWebDriver.findElement(RemoteWebDriver.java:320)
	at org.openqa.selenium.support.pagefactory.DefaultElementLocator.findElement(DefaultElementLocator.java:70)
	at org.openqa.selenium.support.pagefactory.internal.LocatingElementHandler.invoke(LocatingElementHandler.java:39)
	at com.sun.proxy.$Proxy23.click(Unknown Source)
	at pages.MainPage.creditCardsClicks(MainPage.java:48)
	at stepDefinitions.MainPageStepDeffinitions.creditCardsClicks(MainPageStepDeffinitions.java:45)
	at ✽.Когда пользователь кликает на Кредитные карты(mainOffers.feature:13)
</stack-trace>
            </failure>
            <steps>
                <step start="1563194206124" stop="1563194208739" status="passed">
                    <name>Дано пользователь нахоидится на главной странице</name>
                    <title>Дано пользователь нахоидится на главной странице</title>
                </step>
                <step start="1563194208739" stop="1563194208877" status="passed">
                    <name>Когда пользователь кликает на Кредиты</name>
                    <title>Когда пользователь кликает на Кредиты</title>
                </step>
                <step start="1563194208878" stop="1563194212824" status="passed">
                    <name>Тогда отображается страница Кредиты</name>
                    <title>Тогда отображается страница Кредиты</title>
                </step>
                <step start="1563194212824" stop="1563194212884" status="broken">
                    <name>Когда пользователь кликает на Кредитные карты</name>
                    <title>Когда пользователь кликает на Кредитные карты</title>
                </step>
                <step start="1563194212885" stop="1563194212885" status="canceled">
                    <name>Тогда отображается страница Кредитные карты</name>
                    <title>Тогда отображается страница Кредитные карты</title>
                </step>
                <step start="1563194212885" stop="1563194212886" status="canceled">
                    <name>Когда пользователь заполняет кликает на Автокредиты</name>
                    <title>Когда пользователь заполняет кликает на Автокредиты</title>
                </step>
                <step start="1563194212886" stop="1563194212886" status="canceled">
                    <name>Тогда отображается страница Автокредиты</name>
                    <title>Тогда отображается страница Автокредиты</title>
                </step>
                <step start="1563194212887" stop="1563194212887" status="canceled">
                    <name>Когда пользователь заполняет кликает на Ипотека</name>
                    <title>Когда пользователь заполняет кликает на Ипотека</title>
                </step>
                <step start="1563194212887" stop="1563194212888" status="canceled">
                    <name>Тогда отображается страница Ипотека</name>
                    <title>Тогда отображается страница Ипотека</title>
                </step>
                <step start="1563194212888" stop="1563194212889" status="canceled">
                    <name>Когда пользователь заполняет кликает на Микрозаймы</name>
                    <title>Когда пользователь заполняет кликает на Микрозаймы</title>
                </step>
                <step start="1563194212889" stop="1563194212890" status="canceled">
                    <name>Тогда отображается страница Микрозаймы</name>
                    <title>Тогда отображается страница Микрозаймы</title>
                </step>
                <step start="1563194212890" stop="1563194212891" status="canceled">
                    <name>Когда пользователь заполняет кликает на Кредитные отчеты</name>
                    <title>Когда пользователь заполняет кликает на Кредитные отчеты</title>
                </step>
                <step start="1563194212892" stop="1563194212894" status="canceled">
                    <name>Тогда отображается страница Кредитные отчеты</name>
                    <title>Тогда отображается страница Кредитные отчеты</title>
                </step>
            </steps>
            <attachments/>
            <labels>
                <label name="testId" value="2"/>
                <label name="story" value="Проверка перехода по главным предложениям"/>
                <label name="feature" value="Регистрация в кабинете вебмастера"/>
                <label name="host" value="LAPTOP-AOR21S0A"/>
                <label name="thread" value="19144@LAPTOP-AOR21S0A.main(1)"/>
                <label name="framework" value="CucumberJVM"/>
            </labels>
        </test-case>
    </test-cases>
    <labels>
        <label name="feature" value="Регистрация в кабинете вебмастера"/>
        <label name="language" value="JAVA"/>
    </labels>
</ns2:test-suite>
