<?xml version="1.0" encoding="UTF-8" standalone="yes"?>
<ns2:test-suite start="1562928133102" stop="1562928164019" version="1.5.2" xmlns:ns2="urn:model.allure.qatools.yandex.ru">
    <name>Регистрация в кабинете вебмастера</name>
    <description type="text"></description>
    <test-cases>
        <test-case start="1562928133145" stop="1562928164017" status="broken">
            <name>Проверка заполненности всех необходимых полей</name>
            <title>Проверка заполненности всех необходимых полей</title>
            <description type="text"></description>
            <failure>
                <message>WebDriverException: chrome not reachable
  (Session info: chrome=75.0.3770.100)
Build info: version: '4.0.0-alpha-1', revision: 'd1d3728cae', time: '2019-04-24T13:42:21'
System info: host: 'LAPTOP-AOR21S0A', ip: '10.10.15.66', os.name: 'Windows 10', os.arch: 'amd64', os.version: '10.0', java.version: '12.0.1'
Driver info: org.openqa.selenium.chrome.ChromeDriver
Capabilities {acceptInsecureCerts: false, browserName: chrome, browserVersion: 75.0.3770.100, chrome: {chromedriverVersion: 75.0.3770.90 (a6dcaf7e3ec6f..., userDataDir: C:\Users\Mark100F\AppData\L...}, goog:chromeOptions: {debuggerAddress: localhost:37437}, javascriptEnabled: true, networkConnectionEnabled: false, pageLoadStrategy: normal, platform: XP, platformName: XP, proxy: Proxy(), setWindowRect: true, strictFileInteractability: false, timeouts: {implicit: 0, pageLoad: 300000, script: 30000}, unhandledPromptBehavior: dismiss and notify}
Session ID: e0b7d9ea0f9176acf8f455ab0e1b21a0
*** Element info: {Using=name, value=company_name}</message>
                <stack-trace>org.openqa.selenium.WebDriverException: chrome not reachable
  (Session info: chrome=75.0.3770.100)
Build info: version: '4.0.0-alpha-1', revision: 'd1d3728cae', time: '2019-04-24T13:42:21'
System info: host: 'LAPTOP-AOR21S0A', ip: '10.10.15.66', os.name: 'Windows 10', os.arch: 'amd64', os.version: '10.0', java.version: '12.0.1'
Driver info: org.openqa.selenium.chrome.ChromeDriver
Capabilities {acceptInsecureCerts: false, browserName: chrome, browserVersion: 75.0.3770.100, chrome: {chromedriverVersion: 75.0.3770.90 (a6dcaf7e3ec6f..., userDataDir: C:\Users\Mark100F\AppData\L...}, goog:chromeOptions: {debuggerAddress: localhost:37437}, javascriptEnabled: true, networkConnectionEnabled: false, pageLoadStrategy: normal, platform: XP, platformName: XP, proxy: Proxy(), setWindowRect: true, strictFileInteractability: false, timeouts: {implicit: 0, pageLoad: 300000, script: 30000}, unhandledPromptBehavior: dismiss and notify}
Session ID: e0b7d9ea0f9176acf8f455ab0e1b21a0
*** Element info: {Using=name, value=company_name}
	at java.base/jdk.internal.reflect.NativeConstructorAccessorImpl.newInstance0(Native Method)
	at java.base/jdk.internal.reflect.NativeConstructorAccessorImpl.newInstance(NativeConstructorAccessorImpl.java:62)
	at java.base/jdk.internal.reflect.DelegatingConstructorAccessorImpl.newInstance(DelegatingConstructorAccessorImpl.java:45)
	at java.base/java.lang.reflect.Constructor.newInstanceWithCaller(Constructor.java:500)
	at java.base/java.lang.reflect.Constructor.newInstance(Constructor.java:481)
	at org.openqa.selenium.remote.codec.w3c.W3CHttpResponseCodec.createException(W3CHttpResponseCodec.java:190)
	at org.openqa.selenium.remote.codec.w3c.W3CHttpResponseCodec.decode(W3CHttpResponseCodec.java:124)
	at org.openqa.selenium.remote.codec.w3c.W3CHttpResponseCodec.decode(W3CHttpResponseCodec.java:51)
	at org.openqa.selenium.remote.HttpCommandExecutor.execute(HttpCommandExecutor.java:161)
	at org.openqa.selenium.remote.service.DriverCommandExecutor.execute(DriverCommandExecutor.java:83)
	at org.openqa.selenium.remote.RemoteWebDriver.execute(RemoteWebDriver.java:577)
	at org.openqa.selenium.remote.RemoteWebDriver.findElement(RemoteWebDriver.java:328)
	at org.openqa.selenium.remote.RemoteWebDriver.findElementByName(RemoteWebDriver.java:416)
	at org.openqa.selenium.By$ByName.findElement(By.java:284)
	at org.openqa.selenium.remote.RemoteWebDriver.findElement(RemoteWebDriver.java:320)
	at org.openqa.selenium.support.pagefactory.DefaultElementLocator.findElement(DefaultElementLocator.java:70)
	at org.openqa.selenium.support.pagefactory.internal.LocatingElementHandler.invoke(LocatingElementHandler.java:39)
	at com.sun.proxy.$Proxy22.isDisplayed(Unknown Source)
	at org.openqa.selenium.support.ui.ExpectedConditions.elementIfVisible(ExpectedConditions.java:314)
	at org.openqa.selenium.support.ui.ExpectedConditions.access$000(ExpectedConditions.java:43)
	at org.openqa.selenium.support.ui.ExpectedConditions$10.apply(ExpectedConditions.java:300)
	at org.openqa.selenium.support.ui.ExpectedConditions$10.apply(ExpectedConditions.java:297)
	at org.openqa.selenium.support.ui.FluentWait.until(FluentWait.java:211)
	at base.TestBase.waitForVisibility(TestBase.java:99)
	at base.TestBase.waitForVisibility(TestBase.java:94)
	at base.TestBase.allElementsAreVisible(TestBase.java:76)
	at pages.RegisterPage.registerPageIsDisplayed(RegisterPage.java:68)
	at stepDefinitions.RegisterStepDefinitions.onRegistrationPage(RegisterStepDefinitions.java:16)
	at ✽.Дано пользователь нахоидится на странице авторизации(catalog.feature:10)
</stack-trace>
            </failure>
            <steps>
                <step start="1562928135489" stop="1562928163399" status="broken">
                    <name>Дано пользователь нахоидится на странице авторизации</name>
                    <title>Дано пользователь нахоидится на странице авторизации</title>
                </step>
                <step start="1562928163400" stop="1562928163403" status="canceled">
                    <name>Когда пользователь заполняет все поля, занятый email и отпарвляет форму</name>
                    <title>Когда пользователь заполняет все поля, занятый email и отпарвляет форму</title>
                </step>
                <step start="1562928163404" stop="1562928163405" status="canceled">
                    <name>Тогда видна ошибка что адрес занят</name>
                    <title>Тогда видна ошибка что адрес занят</title>
                </step>
            </steps>
            <attachments/>
            <labels>
                <label name="testId" value="1"/>
                <label name="story" value="Проверка заполненности всех необходимых полей"/>
                <label name="feature" value="Регистрация в кабинете вебмастера"/>
                <label name="host" value="LAPTOP-AOR21S0A"/>
                <label name="thread" value="7708@LAPTOP-AOR21S0A.main(1)"/>
                <label name="framework" value="CucumberJVM"/>
            </labels>
        </test-case>
    </test-cases>
    <labels>
        <label name="feature" value="Регистрация в кабинете вебмастера"/>
        <label name="language" value="JAVA"/>
    </labels>
</ns2:test-suite>
