<?xml version="1.0" encoding="UTF-8" standalone="yes"?>
<ns2:test-suite start="1562152266082" stop="1562152274365" version="1.5.2" xmlns:ns2="urn:model.allure.qatools.yandex.ru">
    <name>Проверка поиска</name>
    <description type="text"></description>
    <test-cases>
        <test-case start="1562152266129" stop="1562152274363" status="broken">
            <name>Закупщик ищет товары</name>
            <title>Закупщик ищет товары</title>
            <description type="text"></description>
            <failure>
                <message>NoSuchElementException: no such element: Unable to locate element: {"method":"css selector","selector":".page\-search\-input"}
  (Session info: chrome=75.0.3770.100)
For documentation on this error, please visit: https://www.seleniumhq.org/exceptions/no_such_element.html
Build info: version: '4.0.0-alpha-1', revision: 'd1d3728cae', time: '2019-04-24T13:42:21'
System info: host: 'LAPTOP-AOR21S0A', ip: '192.168.1.34', os.name: 'Windows 10', os.arch: 'amd64', os.version: '10.0', java.version: '12.0.1'
Driver info: org.openqa.selenium.chrome.ChromeDriver
Capabilities {acceptInsecureCerts: false, browserName: chrome, browserVersion: 75.0.3770.100, chrome: {chromedriverVersion: 75.0.3770.90 (a6dcaf7e3ec6f..., userDataDir: C:\Users\Mark100F\AppData\L...}, goog:chromeOptions: {debuggerAddress: localhost:44681}, javascriptEnabled: true, networkConnectionEnabled: false, pageLoadStrategy: normal, platform: XP, platformName: XP, proxy: Proxy(), setWindowRect: true, strictFileInteractability: false, timeouts: {implicit: 0, pageLoad: 300000, script: 30000}, unhandledPromptBehavior: dismiss and notify}
Session ID: 503db36f6c78bc9e82efb8cbe01010b8
*** Element info: {Using=class name, value=page-search-input}</message>
                <stack-trace>org.openqa.selenium.NoSuchElementException: no such element: Unable to locate element: {"method":"css selector","selector":".page\-search\-input"}
  (Session info: chrome=75.0.3770.100)
For documentation on this error, please visit: https://www.seleniumhq.org/exceptions/no_such_element.html
Build info: version: '4.0.0-alpha-1', revision: 'd1d3728cae', time: '2019-04-24T13:42:21'
System info: host: 'LAPTOP-AOR21S0A', ip: '192.168.1.34', os.name: 'Windows 10', os.arch: 'amd64', os.version: '10.0', java.version: '12.0.1'
Driver info: org.openqa.selenium.chrome.ChromeDriver
Capabilities {acceptInsecureCerts: false, browserName: chrome, browserVersion: 75.0.3770.100, chrome: {chromedriverVersion: 75.0.3770.90 (a6dcaf7e3ec6f..., userDataDir: C:\Users\Mark100F\AppData\L...}, goog:chromeOptions: {debuggerAddress: localhost:44681}, javascriptEnabled: true, networkConnectionEnabled: false, pageLoadStrategy: normal, platform: XP, platformName: XP, proxy: Proxy(), setWindowRect: true, strictFileInteractability: false, timeouts: {implicit: 0, pageLoad: 300000, script: 30000}, unhandledPromptBehavior: dismiss and notify}
Session ID: 503db36f6c78bc9e82efb8cbe01010b8
*** Element info: {Using=class name, value=page-search-input}
	at java.base/jdk.internal.reflect.NativeConstructorAccessorImpl.newInstance0(Native Method)
	at java.base/jdk.internal.reflect.NativeConstructorAccessorImpl.newInstance(NativeConstructorAccessorImpl.java:62)
	at java.base/jdk.internal.reflect.DelegatingConstructorAccessorImpl.newInstance(DelegatingConstructorAccessorImpl.java:45)
	at java.base/java.lang.reflect.Constructor.newInstanceWithCaller(Constructor.java:500)
	at java.base/java.lang.reflect.Constructor.newInstance(Constructor.java:481)
	at org.openqa.selenium.remote.codec.w3c.W3CHttpResponseCodec.createException(W3CHttpResponseCodec.java:190)
	at org.openqa.selenium.remote.codec.w3c.W3CHttpResponseCodec.decode(W3CHttpResponseCodec.java:124)
	at org.openqa.selenium.remote.codec.w3c.W3CHttpResponseCodec.decode(W3CHttpResponseCodec.java:51)
	at org.openqa.selenium.remote.HttpCommandExecutor.execute(HttpCommandExecutor.java:161)
	at org.openqa.selenium.remote.service.DriverCommandExecutor.execute(DriverCommandExecutor.java:83)
	at org.openqa.selenium.remote.RemoteWebDriver.execute(RemoteWebDriver.java:577)
	at org.openqa.selenium.remote.RemoteWebDriver.findElement(RemoteWebDriver.java:328)
	at org.openqa.selenium.remote.RemoteWebDriver.findElementByClassName(RemoteWebDriver.java:426)
	at org.openqa.selenium.By$ByClassName.findElement(By.java:389)
	at org.openqa.selenium.remote.RemoteWebDriver.findElement(RemoteWebDriver.java:320)
	at org.openqa.selenium.support.pagefactory.DefaultElementLocator.findElement(DefaultElementLocator.java:70)
	at org.openqa.selenium.support.pagefactory.internal.LocatingElementHandler.invoke(LocatingElementHandler.java:39)
	at com.sun.proxy.$Proxy22.clear(Unknown Source)
	at base.TestBase.typeIntoField(TestBase.java:71)
	at pages.MainPage.typeIntoSearch(MainPage.java:25)
	at stepDefinitions.MainPageStepDefinitions.typeIntoSearchField(MainPageStepDefinitions.java:13)
	at ✽.И Ввести в поисковую строку значение для поиска(authPage.feature:11)
</stack-trace>
            </failure>
            <steps>
                <step start="1562152266133" stop="1562152274292" status="passed">
                    <name>Дано пользователь залогинлся под закупщиком</name>
                    <title>Дано пользователь залогинлся под закупщиком</title>
                </step>
                <step start="1562152274293" stop="1562152274362" status="broken">
                    <name>И Ввести в поисковую строку значение для поиска</name>
                    <title>И Ввести в поисковую строку значение для поиска</title>
                </step>
            </steps>
            <attachments/>
            <labels>
                <label name="testId" value="1"/>
                <label name="story" value="Закупщик ищет товары"/>
                <label name="feature" value="Проверка поиска"/>
                <label name="host" value="LAPTOP-AOR21S0A"/>
                <label name="thread" value="17708@LAPTOP-AOR21S0A.main(1)"/>
                <label name="framework" value="CucumberJVM"/>
            </labels>
        </test-case>
    </test-cases>
    <labels>
        <label name="feature" value="Проверка поиска"/>
        <label name="language" value="JAVA"/>
    </labels>
</ns2:test-suite>
