<?xml version="1.0" encoding="UTF-8" standalone="yes"?>
<ns2:test-suite start="1562250713755" stop="1562250735709" version="1.5.2" xmlns:ns2="urn:model.allure.qatools.yandex.ru">
    <name>Проверка создания каталога</name>
    <description type="text"></description>
    <test-cases>
        <test-case start="1562250713803" stop="1562250735707" status="broken">
            <name>Мастер-пользователь создает каталог</name>
            <title>Мастер-пользователь создает каталог</title>
            <description type="text"></description>
            <failure>
                <message>NoSuchElementException: no such element: Unable to locate element: {"method":"xpath","selector":"//td[contains(text(), 'null')]"}
  (Session info: chrome=75.0.3770.100)
For documentation on this error, please visit: https://www.seleniumhq.org/exceptions/no_such_element.html
Build info: version: '4.0.0-alpha-1', revision: 'd1d3728cae', time: '2019-04-24T13:42:21'
System info: host: 'LAPTOP-AOR21S0A', ip: '192.168.1.34', os.name: 'Windows 10', os.arch: 'amd64', os.version: '10.0', java.version: '12.0.1'
Driver info: org.openqa.selenium.chrome.ChromeDriver
Capabilities {acceptInsecureCerts: false, browserName: chrome, browserVersion: 75.0.3770.100, chrome: {chromedriverVersion: 75.0.3770.90 (a6dcaf7e3ec6f..., userDataDir: C:\Users\Mark100F\AppData\L...}, goog:chromeOptions: {debuggerAddress: localhost:18046}, javascriptEnabled: true, networkConnectionEnabled: false, pageLoadStrategy: normal, platform: XP, platformName: XP, proxy: Proxy(), setWindowRect: true, strictFileInteractability: false, timeouts: {implicit: 0, pageLoad: 300000, script: 30000}, unhandledPromptBehavior: dismiss and notify}
Session ID: 8c87397680f1b959c7274930032cceea
*** Element info: {Using=xpath, value=//td[contains(text(), 'null')]}</message>
                <stack-trace>org.openqa.selenium.NoSuchElementException: no such element: Unable to locate element: {"method":"xpath","selector":"//td[contains(text(), 'null')]"}
  (Session info: chrome=75.0.3770.100)
For documentation on this error, please visit: https://www.seleniumhq.org/exceptions/no_such_element.html
Build info: version: '4.0.0-alpha-1', revision: 'd1d3728cae', time: '2019-04-24T13:42:21'
System info: host: 'LAPTOP-AOR21S0A', ip: '192.168.1.34', os.name: 'Windows 10', os.arch: 'amd64', os.version: '10.0', java.version: '12.0.1'
Driver info: org.openqa.selenium.chrome.ChromeDriver
Capabilities {acceptInsecureCerts: false, browserName: chrome, browserVersion: 75.0.3770.100, chrome: {chromedriverVersion: 75.0.3770.90 (a6dcaf7e3ec6f..., userDataDir: C:\Users\Mark100F\AppData\L...}, goog:chromeOptions: {debuggerAddress: localhost:18046}, javascriptEnabled: true, networkConnectionEnabled: false, pageLoadStrategy: normal, platform: XP, platformName: XP, proxy: Proxy(), setWindowRect: true, strictFileInteractability: false, timeouts: {implicit: 0, pageLoad: 300000, script: 30000}, unhandledPromptBehavior: dismiss and notify}
Session ID: 8c87397680f1b959c7274930032cceea
*** Element info: {Using=xpath, value=//td[contains(text(), 'null')]}
	at java.base/jdk.internal.reflect.NativeConstructorAccessorImpl.newInstance0(Native Method)
	at java.base/jdk.internal.reflect.NativeConstructorAccessorImpl.newInstance(NativeConstructorAccessorImpl.java:62)
	at java.base/jdk.internal.reflect.DelegatingConstructorAccessorImpl.newInstance(DelegatingConstructorAccessorImpl.java:45)
	at java.base/java.lang.reflect.Constructor.newInstanceWithCaller(Constructor.java:500)
	at java.base/java.lang.reflect.Constructor.newInstance(Constructor.java:481)
	at org.openqa.selenium.remote.codec.w3c.W3CHttpResponseCodec.createException(W3CHttpResponseCodec.java:190)
	at org.openqa.selenium.remote.codec.w3c.W3CHttpResponseCodec.decode(W3CHttpResponseCodec.java:124)
	at org.openqa.selenium.remote.codec.w3c.W3CHttpResponseCodec.decode(W3CHttpResponseCodec.java:51)
	at org.openqa.selenium.remote.HttpCommandExecutor.execute(HttpCommandExecutor.java:161)
	at org.openqa.selenium.remote.service.DriverCommandExecutor.execute(DriverCommandExecutor.java:83)
	at org.openqa.selenium.remote.RemoteWebDriver.execute(RemoteWebDriver.java:577)
	at org.openqa.selenium.remote.RemoteWebDriver.findElement(RemoteWebDriver.java:328)
	at org.openqa.selenium.remote.RemoteWebDriver.findElementByXPath(RemoteWebDriver.java:446)
	at org.openqa.selenium.By$ByXPath.findElement(By.java:353)
	at org.openqa.selenium.remote.RemoteWebDriver.findElement(RemoteWebDriver.java:320)
	at pages.CatalogPage.findNewCatalog(CatalogPage.java:117)
	at stepDefinitions.CatalogPageStepDefinitions.seeNewCatalog(CatalogPageStepDefinitions.java:41)
	at ✽.И пользователь видит новый каталог(catalog.feature:19)
</stack-trace>
            </failure>
            <steps>
                <step start="1562250713807" stop="1562250724353" status="passed">
                    <name>Дано пользователь залогинлся под мастер-пользователем</name>
                    <title>Дано пользователь залогинлся под мастер-пользователем</title>
                </step>
                <step start="1562250724354" stop="1562250724542" status="passed">
                    <name>Когда пользователь кликает на шестеренку</name>
                    <title>Когда пользователь кликает на шестеренку</title>
                </step>
                <step start="1562250724543" stop="1562250725903" status="passed">
                    <name>Тогда отображается меню для Мастера</name>
                    <title>Тогда отображается меню для Мастера</title>
                </step>
                <step start="1562250725903" stop="1562250726162" status="passed">
                    <name>И отображается страница "Реестр обращений"</name>
                    <title>И отображается страница "Реестр обращений"</title>
                </step>
                <step start="1562250726162" stop="1562250726361" status="passed">
                    <name>Когда пользователь кликает по вкладке "Катлоги"</name>
                    <title>Когда пользователь кликает по вкладке "Катлоги"</title>
                </step>
                <step start="1562250726362" stop="1562250726638" status="passed">
                    <name>Тогда отображается страница "Каталоги"</name>
                    <title>Тогда отображается страница "Каталоги"</title>
                </step>
                <step start="1562250726639" stop="1562250726863" status="passed">
                    <name>Когда пользователь кликает на кнопку создать</name>
                    <title>Когда пользователь кликает на кнопку создать</title>
                </step>
                <step start="1562250726864" stop="1562250727013" status="passed">
                    <name>Тогда пользователь видит меню создания мастер-каталога</name>
                    <title>Тогда пользователь видит меню создания мастер-каталога</title>
                </step>
                <step start="1562250727014" stop="1562250735629" status="passed">
                    <name>И пользователь создает каталог</name>
                    <title>И пользователь создает каталог</title>
                </step>
                <step start="1562250735631" stop="1562250735706" status="broken">
                    <name>И пользователь видит новый каталог</name>
                    <title>И пользователь видит новый каталог</title>
                </step>
            </steps>
            <attachments/>
            <labels>
                <label name="testId" value="2"/>
                <label name="story" value="Мастер-пользователь создает каталог"/>
                <label name="feature" value="Проверка создания каталога"/>
                <label name="host" value="LAPTOP-AOR21S0A"/>
                <label name="thread" value="15632@LAPTOP-AOR21S0A.main(1)"/>
                <label name="framework" value="CucumberJVM"/>
            </labels>
        </test-case>
    </test-cases>
    <labels>
        <label name="feature" value="Проверка создания каталога"/>
        <label name="language" value="JAVA"/>
    </labels>
</ns2:test-suite>
