<?xml version="1.0" encoding="UTF-8" standalone="yes"?>
<ns2:test-suite start="1562249164900" stop="1562249184806" version="1.5.2" xmlns:ns2="urn:model.allure.qatools.yandex.ru">
    <name>Проверка создания каталога</name>
    <description type="text"></description>
    <test-cases>
        <test-case start="1562249164970" stop="1562249184805" status="broken">
            <name>Мастер-пользователь создает каталог</name>
            <title>Мастер-пользователь создает каталог</title>
            <description type="text"></description>
            <failure>
                <message>NoSuchElementException: no such element: Unable to locate element: {"method":"css selector","selector":".specification\-back\-link"}
  (Session info: chrome=75.0.3770.100)
For documentation on this error, please visit: https://www.seleniumhq.org/exceptions/no_such_element.html
Build info: version: '4.0.0-alpha-1', revision: 'd1d3728cae', time: '2019-04-24T13:42:21'
System info: host: 'LAPTOP-AOR21S0A', ip: '192.168.1.34', os.name: 'Windows 10', os.arch: 'amd64', os.version: '10.0', java.version: '12.0.1'
Driver info: org.openqa.selenium.chrome.ChromeDriver
Capabilities {acceptInsecureCerts: false, browserName: chrome, browserVersion: 75.0.3770.100, chrome: {chromedriverVersion: 75.0.3770.90 (a6dcaf7e3ec6f..., userDataDir: C:\Users\Mark100F\AppData\L...}, goog:chromeOptions: {debuggerAddress: localhost:16196}, javascriptEnabled: true, networkConnectionEnabled: false, pageLoadStrategy: normal, platform: XP, platformName: XP, proxy: Proxy(), setWindowRect: true, strictFileInteractability: false, timeouts: {implicit: 0, pageLoad: 300000, script: 30000}, unhandledPromptBehavior: dismiss and notify}
Session ID: e877b6bb28aa72c5022c8ea658afa8b2
*** Element info: {Using=class name, value=specification-back-link}</message>
                <stack-trace>org.openqa.selenium.NoSuchElementException: no such element: Unable to locate element: {"method":"css selector","selector":".specification\-back\-link"}
  (Session info: chrome=75.0.3770.100)
For documentation on this error, please visit: https://www.seleniumhq.org/exceptions/no_such_element.html
Build info: version: '4.0.0-alpha-1', revision: 'd1d3728cae', time: '2019-04-24T13:42:21'
System info: host: 'LAPTOP-AOR21S0A', ip: '192.168.1.34', os.name: 'Windows 10', os.arch: 'amd64', os.version: '10.0', java.version: '12.0.1'
Driver info: org.openqa.selenium.chrome.ChromeDriver
Capabilities {acceptInsecureCerts: false, browserName: chrome, browserVersion: 75.0.3770.100, chrome: {chromedriverVersion: 75.0.3770.90 (a6dcaf7e3ec6f..., userDataDir: C:\Users\Mark100F\AppData\L...}, goog:chromeOptions: {debuggerAddress: localhost:16196}, javascriptEnabled: true, networkConnectionEnabled: false, pageLoadStrategy: normal, platform: XP, platformName: XP, proxy: Proxy(), setWindowRect: true, strictFileInteractability: false, timeouts: {implicit: 0, pageLoad: 300000, script: 30000}, unhandledPromptBehavior: dismiss and notify}
Session ID: e877b6bb28aa72c5022c8ea658afa8b2
*** Element info: {Using=class name, value=specification-back-link}
	at java.base/jdk.internal.reflect.NativeConstructorAccessorImpl.newInstance0(Native Method)
	at java.base/jdk.internal.reflect.NativeConstructorAccessorImpl.newInstance(NativeConstructorAccessorImpl.java:62)
	at java.base/jdk.internal.reflect.DelegatingConstructorAccessorImpl.newInstance(DelegatingConstructorAccessorImpl.java:45)
	at java.base/java.lang.reflect.Constructor.newInstanceWithCaller(Constructor.java:500)
	at java.base/java.lang.reflect.Constructor.newInstance(Constructor.java:481)
	at org.openqa.selenium.remote.codec.w3c.W3CHttpResponseCodec.createException(W3CHttpResponseCodec.java:190)
	at org.openqa.selenium.remote.codec.w3c.W3CHttpResponseCodec.decode(W3CHttpResponseCodec.java:124)
	at org.openqa.selenium.remote.codec.w3c.W3CHttpResponseCodec.decode(W3CHttpResponseCodec.java:51)
	at org.openqa.selenium.remote.HttpCommandExecutor.execute(HttpCommandExecutor.java:161)
	at org.openqa.selenium.remote.service.DriverCommandExecutor.execute(DriverCommandExecutor.java:83)
	at org.openqa.selenium.remote.RemoteWebDriver.execute(RemoteWebDriver.java:577)
	at org.openqa.selenium.remote.RemoteWebDriver.findElement(RemoteWebDriver.java:328)
	at org.openqa.selenium.remote.RemoteWebDriver.findElementByClassName(RemoteWebDriver.java:426)
	at org.openqa.selenium.By$ByClassName.findElement(By.java:389)
	at org.openqa.selenium.remote.RemoteWebDriver.findElement(RemoteWebDriver.java:320)
	at org.openqa.selenium.support.pagefactory.DefaultElementLocator.findElement(DefaultElementLocator.java:70)
	at org.openqa.selenium.support.pagefactory.internal.LocatingElementHandler.invoke(LocatingElementHandler.java:39)
	at com.sun.proxy.$Proxy22.click(Unknown Source)
	at pages.CatalogPage.clickBackBtn(CatalogPage.java:113)
	at stepDefinitions.CatalogPageStepDefinitions.createCatalog(CatalogPageStepDefinitions.java:36)
	at ✽.И пользователь создает каталог(catalog.feature:18)
</stack-trace>
            </failure>
            <steps>
                <step start="1562249164976" stop="1562249174579" status="passed">
                    <name>Дано пользователь залогинлся под мастер-пользователем</name>
                    <title>Дано пользователь залогинлся под мастер-пользователем</title>
                </step>
                <step start="1562249174580" stop="1562249174772" status="passed">
                    <name>Когда пользователь кликает на шестеренку</name>
                    <title>Когда пользователь кликает на шестеренку</title>
                </step>
                <step start="1562249174773" stop="1562249176535" status="passed">
                    <name>Тогда отображается меню для Мастера</name>
                    <title>Тогда отображается меню для Мастера</title>
                </step>
                <step start="1562249176535" stop="1562249176867" status="passed">
                    <name>И отображается страница "Реестр обращений"</name>
                    <title>И отображается страница "Реестр обращений"</title>
                </step>
                <step start="1562249176867" stop="1562249177023" status="passed">
                    <name>Когда пользователь кликает по вкладке "Катлоги"</name>
                    <title>Когда пользователь кликает по вкладке "Катлоги"</title>
                </step>
                <step start="1562249177023" stop="1562249177299" status="passed">
                    <name>Тогда отображается страница "Каталоги"</name>
                    <title>Тогда отображается страница "Каталоги"</title>
                </step>
                <step start="1562249177299" stop="1562249177452" status="passed">
                    <name>Когда пользователь кликает на кнопку создать</name>
                    <title>Когда пользователь кликает на кнопку создать</title>
                </step>
                <step start="1562249177453" stop="1562249177587" status="passed">
                    <name>Тогда пользователь видит меню создания мастер-каталога</name>
                    <title>Тогда пользователь видит меню создания мастер-каталога</title>
                </step>
                <step start="1562249177588" stop="1562249184801" status="broken">
                    <name>И пользователь создает каталог</name>
                    <title>И пользователь создает каталог</title>
                </step>
                <step start="1562249184801" stop="1562249184803" status="canceled">
                    <name>И пользователь видит новый каталог</name>
                    <title>И пользователь видит новый каталог</title>
                </step>
            </steps>
            <attachments/>
            <labels>
                <label name="testId" value="2"/>
                <label name="story" value="Мастер-пользователь создает каталог"/>
                <label name="feature" value="Проверка создания каталога"/>
                <label name="host" value="LAPTOP-AOR21S0A"/>
                <label name="thread" value="14048@LAPTOP-AOR21S0A.main(1)"/>
                <label name="framework" value="CucumberJVM"/>
            </labels>
        </test-case>
    </test-cases>
    <labels>
        <label name="feature" value="Проверка создания каталога"/>
        <label name="language" value="JAVA"/>
    </labels>
</ns2:test-suite>
