<?xml version="1.0" encoding="UTF-8" standalone="yes"?>
<ns2:test-suite start="1562243377622" stop="1562243400266" version="1.5.2" xmlns:ns2="urn:model.allure.qatools.yandex.ru">
    <name>Проверка создания каталога</name>
    <description type="text"></description>
    <test-cases>
        <test-case start="1562243377694" stop="1562243400262" status="broken">
            <name>Мастер-пользователь создает каталог</name>
            <title>Мастер-пользователь создает каталог</title>
            <description type="text"></description>
            <failure>
                <message>NoSuchElementException: no such element: Unable to locate element: {"method":"xpath","selector":"//button[contains(@class, 'Submit') and text()='Сохранить']"}
  (Session info: chrome=75.0.3770.100)
For documentation on this error, please visit: https://www.seleniumhq.org/exceptions/no_such_element.html
Build info: version: '4.0.0-alpha-1', revision: 'd1d3728cae', time: '2019-04-24T13:42:21'
System info: host: 'LAPTOP-AOR21S0A', ip: '192.168.1.34', os.name: 'Windows 10', os.arch: 'amd64', os.version: '10.0', java.version: '12.0.1'
Driver info: org.openqa.selenium.chrome.ChromeDriver
Capabilities {acceptInsecureCerts: false, browserName: chrome, browserVersion: 75.0.3770.100, chrome: {chromedriverVersion: 75.0.3770.90 (a6dcaf7e3ec6f..., userDataDir: C:\Users\Mark100F\AppData\L...}, goog:chromeOptions: {debuggerAddress: localhost:10423}, javascriptEnabled: true, networkConnectionEnabled: false, pageLoadStrategy: normal, platform: XP, platformName: XP, proxy: Proxy(), setWindowRect: true, strictFileInteractability: false, timeouts: {implicit: 0, pageLoad: 300000, script: 30000}, unhandledPromptBehavior: dismiss and notify}
Session ID: d584e1394095396e7eb5da86b54f5686
*** Element info: {Using=xpath, value=//button[contains(@class, 'Submit') and text()='Сохранить']}</message>
                <stack-trace>org.openqa.selenium.NoSuchElementException: no such element: Unable to locate element: {"method":"xpath","selector":"//button[contains(@class, 'Submit') and text()='Сохранить']"}
  (Session info: chrome=75.0.3770.100)
For documentation on this error, please visit: https://www.seleniumhq.org/exceptions/no_such_element.html
Build info: version: '4.0.0-alpha-1', revision: 'd1d3728cae', time: '2019-04-24T13:42:21'
System info: host: 'LAPTOP-AOR21S0A', ip: '192.168.1.34', os.name: 'Windows 10', os.arch: 'amd64', os.version: '10.0', java.version: '12.0.1'
Driver info: org.openqa.selenium.chrome.ChromeDriver
Capabilities {acceptInsecureCerts: false, browserName: chrome, browserVersion: 75.0.3770.100, chrome: {chromedriverVersion: 75.0.3770.90 (a6dcaf7e3ec6f..., userDataDir: C:\Users\Mark100F\AppData\L...}, goog:chromeOptions: {debuggerAddress: localhost:10423}, javascriptEnabled: true, networkConnectionEnabled: false, pageLoadStrategy: normal, platform: XP, platformName: XP, proxy: Proxy(), setWindowRect: true, strictFileInteractability: false, timeouts: {implicit: 0, pageLoad: 300000, script: 30000}, unhandledPromptBehavior: dismiss and notify}
Session ID: d584e1394095396e7eb5da86b54f5686
*** Element info: {Using=xpath, value=//button[contains(@class, 'Submit') and text()='Сохранить']}
	at java.base/jdk.internal.reflect.NativeConstructorAccessorImpl.newInstance0(Native Method)
	at java.base/jdk.internal.reflect.NativeConstructorAccessorImpl.newInstance(NativeConstructorAccessorImpl.java:62)
	at java.base/jdk.internal.reflect.DelegatingConstructorAccessorImpl.newInstance(DelegatingConstructorAccessorImpl.java:45)
	at java.base/java.lang.reflect.Constructor.newInstanceWithCaller(Constructor.java:500)
	at java.base/java.lang.reflect.Constructor.newInstance(Constructor.java:481)
	at org.openqa.selenium.remote.codec.w3c.W3CHttpResponseCodec.createException(W3CHttpResponseCodec.java:190)
	at org.openqa.selenium.remote.codec.w3c.W3CHttpResponseCodec.decode(W3CHttpResponseCodec.java:124)
	at org.openqa.selenium.remote.codec.w3c.W3CHttpResponseCodec.decode(W3CHttpResponseCodec.java:51)
	at org.openqa.selenium.remote.HttpCommandExecutor.execute(HttpCommandExecutor.java:161)
	at org.openqa.selenium.remote.service.DriverCommandExecutor.execute(DriverCommandExecutor.java:83)
	at org.openqa.selenium.remote.RemoteWebDriver.execute(RemoteWebDriver.java:577)
	at org.openqa.selenium.remote.RemoteWebDriver.findElement(RemoteWebDriver.java:328)
	at org.openqa.selenium.remote.RemoteWebDriver.findElementByXPath(RemoteWebDriver.java:446)
	at org.openqa.selenium.By$ByXPath.findElement(By.java:353)
	at org.openqa.selenium.remote.RemoteWebDriver.findElement(RemoteWebDriver.java:320)
	at org.openqa.selenium.support.pagefactory.DefaultElementLocator.findElement(DefaultElementLocator.java:70)
	at org.openqa.selenium.support.pagefactory.internal.LocatingElementHandler.invoke(LocatingElementHandler.java:39)
	at com.sun.proxy.$Proxy22.click(Unknown Source)
	at pages.CatalogPage.clickSaveBtn(CatalogPage.java:93)
	at stepDefinitions.CatalogPageStepDefinitions.createCatalog(CatalogPageStepDefinitions.java:34)
	at ✽.И пользователь создает каталог(catalog.feature:18)
</stack-trace>
            </failure>
            <steps>
                <step start="1562243377701" stop="1562243388569" status="passed">
                    <name>Дано пользователь залогинлся под мастер-пользователем</name>
                    <title>Дано пользователь залогинлся под мастер-пользователем</title>
                </step>
                <step start="1562243388570" stop="1562243388742" status="passed">
                    <name>Когда пользователь кликает на шестеренку</name>
                    <title>Когда пользователь кликает на шестеренку</title>
                </step>
                <step start="1562243388743" stop="1562243390153" status="passed">
                    <name>Тогда отображается меню для Мастера</name>
                    <title>Тогда отображается меню для Мастера</title>
                </step>
                <step start="1562243390154" stop="1562243390468" status="passed">
                    <name>И отображается страница "Реестр обращений"</name>
                    <title>И отображается страница "Реестр обращений"</title>
                </step>
                <step start="1562243390468" stop="1562243390641" status="passed">
                    <name>Когда пользователь кликает по вкладке "Катлоги"</name>
                    <title>Когда пользователь кликает по вкладке "Катлоги"</title>
                </step>
                <step start="1562243390642" stop="1562243390989" status="passed">
                    <name>Тогда отображается страница "Каталоги"</name>
                    <title>Тогда отображается страница "Каталоги"</title>
                </step>
                <step start="1562243390990" stop="1562243391237" status="passed">
                    <name>Когда пользователь кликает на кнопку создать</name>
                    <title>Когда пользователь кликает на кнопку создать</title>
                </step>
                <step start="1562243391237" stop="1562243391384" status="passed">
                    <name>Тогда пользователь видит меню создания мастер-каталога</name>
                    <title>Тогда пользователь видит меню создания мастер-каталога</title>
                </step>
                <step start="1562243391385" stop="1562243400261" status="broken">
                    <name>И пользователь создает каталог</name>
                    <title>И пользователь создает каталог</title>
                </step>
            </steps>
            <attachments/>
            <labels>
                <label name="testId" value="2"/>
                <label name="story" value="Мастер-пользователь создает каталог"/>
                <label name="feature" value="Проверка создания каталога"/>
                <label name="host" value="LAPTOP-AOR21S0A"/>
                <label name="thread" value="19212@LAPTOP-AOR21S0A.main(1)"/>
                <label name="framework" value="CucumberJVM"/>
            </labels>
        </test-case>
    </test-cases>
    <labels>
        <label name="feature" value="Проверка создания каталога"/>
        <label name="language" value="JAVA"/>
    </labels>
</ns2:test-suite>
