<?xml version="1.0" encoding="UTF-8" standalone="yes"?>
<ns2:test-suite start="1562590219001" stop="1562590227963" version="1.5.2" xmlns:ns2="urn:model.allure.qatools.yandex.ru">
    <name>Регистрация в кабинете вебмастера</name>
    <description type="text"></description>
    <test-cases>
        <test-case start="1562590219045" stop="1562590227962" status="broken">
            <name>Проверка заполненности всех необходимых полей</name>
            <title>Проверка заполненности всех необходимых полей</title>
            <description type="text"></description>
            <failure>
                <message>ElementNotInteractableException: element not interactable
  (Session info: chrome=75.0.3770.100)
Build info: version: '4.0.0-alpha-1', revision: 'd1d3728cae', time: '2019-04-24T13:42:21'
System info: host: 'LAPTOP-AOR21S0A', ip: '10.10.15.38', os.name: 'Windows 10', os.arch: 'amd64', os.version: '10.0', java.version: '12.0.1'
Driver info: org.openqa.selenium.chrome.ChromeDriver
Capabilities {acceptInsecureCerts: false, browserName: chrome, browserVersion: 75.0.3770.100, chrome: {chromedriverVersion: 75.0.3770.90 (a6dcaf7e3ec6f..., userDataDir: C:\Users\Mark100F\AppData\L...}, goog:chromeOptions: {debuggerAddress: localhost:30998}, javascriptEnabled: true, networkConnectionEnabled: false, pageLoadStrategy: normal, platform: XP, platformName: XP, proxy: Proxy(), setWindowRect: true, strictFileInteractability: false, timeouts: {implicit: 0, pageLoad: 300000, script: 30000}, unhandledPromptBehavior: dismiss and notify}
Session ID: 31dc43c3301a0b882505ce88e1c7c009</message>
                <stack-trace>org.openqa.selenium.ElementNotInteractableException: element not interactable
  (Session info: chrome=75.0.3770.100)
Build info: version: '4.0.0-alpha-1', revision: 'd1d3728cae', time: '2019-04-24T13:42:21'
System info: host: 'LAPTOP-AOR21S0A', ip: '10.10.15.38', os.name: 'Windows 10', os.arch: 'amd64', os.version: '10.0', java.version: '12.0.1'
Driver info: org.openqa.selenium.chrome.ChromeDriver
Capabilities {acceptInsecureCerts: false, browserName: chrome, browserVersion: 75.0.3770.100, chrome: {chromedriverVersion: 75.0.3770.90 (a6dcaf7e3ec6f..., userDataDir: C:\Users\Mark100F\AppData\L...}, goog:chromeOptions: {debuggerAddress: localhost:30998}, javascriptEnabled: true, networkConnectionEnabled: false, pageLoadStrategy: normal, platform: XP, platformName: XP, proxy: Proxy(), setWindowRect: true, strictFileInteractability: false, timeouts: {implicit: 0, pageLoad: 300000, script: 30000}, unhandledPromptBehavior: dismiss and notify}
Session ID: 31dc43c3301a0b882505ce88e1c7c009
	at java.base/jdk.internal.reflect.NativeConstructorAccessorImpl.newInstance0(Native Method)
	at java.base/jdk.internal.reflect.NativeConstructorAccessorImpl.newInstance(NativeConstructorAccessorImpl.java:62)
	at java.base/jdk.internal.reflect.DelegatingConstructorAccessorImpl.newInstance(DelegatingConstructorAccessorImpl.java:45)
	at java.base/java.lang.reflect.Constructor.newInstanceWithCaller(Constructor.java:500)
	at java.base/java.lang.reflect.Constructor.newInstance(Constructor.java:481)
	at org.openqa.selenium.remote.codec.w3c.W3CHttpResponseCodec.createException(W3CHttpResponseCodec.java:190)
	at org.openqa.selenium.remote.codec.w3c.W3CHttpResponseCodec.decode(W3CHttpResponseCodec.java:124)
	at org.openqa.selenium.remote.codec.w3c.W3CHttpResponseCodec.decode(W3CHttpResponseCodec.java:51)
	at org.openqa.selenium.remote.HttpCommandExecutor.execute(HttpCommandExecutor.java:161)
	at org.openqa.selenium.remote.service.DriverCommandExecutor.execute(DriverCommandExecutor.java:83)
	at org.openqa.selenium.remote.RemoteWebDriver.execute(RemoteWebDriver.java:577)
	at org.openqa.selenium.remote.RemoteWebElement.execute(RemoteWebElement.java:308)
	at org.openqa.selenium.remote.RemoteWebElement.clear(RemoteWebElement.java:126)
	at java.base/jdk.internal.reflect.NativeMethodAccessorImpl.invoke0(Native Method)
	at java.base/jdk.internal.reflect.NativeMethodAccessorImpl.invoke(NativeMethodAccessorImpl.java:62)
	at java.base/jdk.internal.reflect.DelegatingMethodAccessorImpl.invoke(DelegatingMethodAccessorImpl.java:43)
	at java.base/java.lang.reflect.Method.invoke(Method.java:567)
	at org.openqa.selenium.support.pagefactory.internal.LocatingElementHandler.invoke(LocatingElementHandler.java:52)
	at com.sun.proxy.$Proxy20.clear(Unknown Source)
	at base.TestBase.typeIntoField(TestBase.java:74)
	at pages.RegisterPage.fillFildsWithTakenEmail(RegisterPage.java:84)
	at stepDefinitions.RegisterStepDefinitions.fillAllFields(RegisterStepDefinitions.java:20)
	at ✽.Когда пользователь заполняет все поля, занятый email и отпарвляет форму(catalog.feature:11)
</stack-trace>
            </failure>
            <steps>
                <step start="1562590219049" stop="1562590225403" status="passed">
                    <name>Дано пользователь нахоидится на странице авторизации</name>
                    <title>Дано пользователь нахоидится на странице авторизации</title>
                </step>
                <step start="1562590225404" stop="1562590227958" status="broken">
                    <name>Когда пользователь заполняет все поля, занятый email и отпарвляет форму</name>
                    <title>Когда пользователь заполняет все поля, занятый email и отпарвляет форму</title>
                </step>
                <step start="1562590227959" stop="1562590227961" status="canceled">
                    <name>Тогда видна ошибка что адрес занят</name>
                    <title>Тогда видна ошибка что адрес занят</title>
                </step>
            </steps>
            <attachments/>
            <labels>
                <label name="testId" value="1"/>
                <label name="story" value="Проверка заполненности всех необходимых полей"/>
                <label name="feature" value="Регистрация в кабинете вебмастера"/>
                <label name="host" value="LAPTOP-AOR21S0A"/>
                <label name="thread" value="21616@LAPTOP-AOR21S0A.main(1)"/>
                <label name="framework" value="CucumberJVM"/>
            </labels>
        </test-case>
    </test-cases>
    <labels>
        <label name="feature" value="Регистрация в кабинете вебмастера"/>
        <label name="language" value="JAVA"/>
    </labels>
</ns2:test-suite>
