<?xml version="1.0" encoding="UTF-8" standalone="yes"?>
<ns2:test-suite start="1562578495149" stop="1562578521554" version="1.5.2" xmlns:ns2="urn:model.allure.qatools.yandex.ru">
    <name>Регистрация в кабинете вебмастера</name>
    <description type="text"></description>
    <test-cases>
        <test-case start="1562578495201" stop="1562578521550" status="broken">
            <name>Проверка заполненности всех необходимых полей</name>
            <title>Проверка заполненности всех необходимых полей</title>
            <description type="text"></description>
            <failure>
                <message>TimeoutException: Expected condition failed: waiting for visibility of [[ChromeDriver: chrome on XP (af96fb39bf5f632c64b9ee4f2ca0880b)] -&gt; name: messenger] (tried for 20 second(s) with 500 milliseconds interval)
Build info: version: '4.0.0-alpha-1', revision: 'd1d3728cae', time: '2019-04-24T13:42:21'
System info: host: 'LAPTOP-AOR21S0A', ip: '10.10.15.50', os.name: 'Windows 10', os.arch: 'amd64', os.version: '10.0', java.version: '12.0.1'
Driver info: org.openqa.selenium.chrome.ChromeDriver
Capabilities {acceptInsecureCerts: false, browserName: chrome, browserVersion: 75.0.3770.100, chrome: {chromedriverVersion: 75.0.3770.90 (a6dcaf7e3ec6f..., userDataDir: C:\Users\Mark100F\AppData\L...}, goog:chromeOptions: {debuggerAddress: localhost:19444}, javascriptEnabled: true, networkConnectionEnabled: false, pageLoadStrategy: normal, platform: XP, platformName: XP, proxy: Proxy(), setWindowRect: true, strictFileInteractability: false, timeouts: {implicit: 0, pageLoad: 300000, script: 30000}, unhandledPromptBehavior: dismiss and notify}
Session ID: af96fb39bf5f632c64b9ee4f2ca0880b</message>
                <stack-trace>org.openqa.selenium.TimeoutException: Expected condition failed: waiting for visibility of [[ChromeDriver: chrome on XP (af96fb39bf5f632c64b9ee4f2ca0880b)] -&gt; name: messenger] (tried for 20 second(s) with 500 milliseconds interval)
Build info: version: '4.0.0-alpha-1', revision: 'd1d3728cae', time: '2019-04-24T13:42:21'
System info: host: 'LAPTOP-AOR21S0A', ip: '10.10.15.50', os.name: 'Windows 10', os.arch: 'amd64', os.version: '10.0', java.version: '12.0.1'
Driver info: org.openqa.selenium.chrome.ChromeDriver
Capabilities {acceptInsecureCerts: false, browserName: chrome, browserVersion: 75.0.3770.100, chrome: {chromedriverVersion: 75.0.3770.90 (a6dcaf7e3ec6f..., userDataDir: C:\Users\Mark100F\AppData\L...}, goog:chromeOptions: {debuggerAddress: localhost:19444}, javascriptEnabled: true, networkConnectionEnabled: false, pageLoadStrategy: normal, platform: XP, platformName: XP, proxy: Proxy(), setWindowRect: true, strictFileInteractability: false, timeouts: {implicit: 0, pageLoad: 300000, script: 30000}, unhandledPromptBehavior: dismiss and notify}
Session ID: af96fb39bf5f632c64b9ee4f2ca0880b
	at org.openqa.selenium.support.ui.WebDriverWait.timeoutException(WebDriverWait.java:95)
	at org.openqa.selenium.support.ui.FluentWait.until(FluentWait.java:234)
	at base.TestBase.waitForVisibility(TestBase.java:93)
	at base.TestBase.waitForVisibility(TestBase.java:88)
	at base.TestBase.allElementsAreVisible(TestBase.java:70)
	at pages.RegisterPage.registerPageIsDisplayed(RegisterPage.java:70)
	at stepDefinitions.RegisterStepDefinitions.onRegistrationPage(RegisterStepDefinitions.java:15)
	at ✽.Дано пользователь нахоидится на странице авторизации(catalog.feature:10)
</stack-trace>
            </failure>
            <steps>
                <step start="1562578495207" stop="1562578521544" status="broken">
                    <name>Дано пользователь нахоидится на странице авторизации</name>
                    <title>Дано пользователь нахоидится на странице авторизации</title>
                </step>
                <step start="1562578521544" stop="1562578521547" status="canceled">
                    <name>Когда пользователь заполняет все поля, занятый email и отпарвляет форму</name>
                    <title>Когда пользователь заполняет все поля, занятый email и отпарвляет форму</title>
                </step>
                <step start="1562578521548" stop="1562578521549" status="canceled">
                    <name>Тогда видна ошибка что адрес занят</name>
                    <title>Тогда видна ошибка что адрес занят</title>
                </step>
            </steps>
            <attachments/>
            <labels>
                <label name="testId" value="1"/>
                <label name="story" value="Проверка заполненности всех необходимых полей"/>
                <label name="feature" value="Регистрация в кабинете вебмастера"/>
                <label name="host" value="LAPTOP-AOR21S0A"/>
                <label name="thread" value="14676@LAPTOP-AOR21S0A.main(1)"/>
                <label name="framework" value="CucumberJVM"/>
            </labels>
        </test-case>
    </test-cases>
    <labels>
        <label name="feature" value="Регистрация в кабинете вебмастера"/>
        <label name="language" value="JAVA"/>
    </labels>
</ns2:test-suite>
